[0.012s] Invoking command in '/home/sriram/dev_ws/build/my_bot': CMAKE_PREFIX_PATH=/opt/ros/humble /usr/bin/cmake --build /home/sriram/dev_ws/build/my_bot -- -j20 -l20
[0.054s] Invoked command in '/home/sriram/dev_ws/build/my_bot' returned '0': CMAKE_PREFIX_PATH=/opt/ros/humble /usr/bin/cmake --build /home/sriram/dev_ws/build/my_bot -- -j20 -l20
[0.061s] Invoking command in '/home/sriram/dev_ws/build/my_bot': CMAKE_PREFIX_PATH=/opt/ros/humble /usr/bin/cmake --install /home/sriram/dev_ws/build/my_bot
[0.066s] -- Install configuration: ""
[0.067s] -- Execute custom install script
[0.068s] -- Up-to-date symlink: /home/sriram/dev_ws/install/my_bot/share/my_bot/config/empty.yaml
[0.068s] -- Symlinking: /home/sriram/dev_ws/install/my_bot/share/my_bot/config/view_bot_rviz.rviz
[0.073s] -- Up-to-date symlink: /home/sriram/dev_ws/install/my_bot/share/my_bot/description/inertial_macros.xacro
[0.074s] -- Up-to-date symlink: /home/sriram/dev_ws/install/my_bot/share/my_bot/description/robot.urdf.xacro
[0.074s] -- Up-to-date symlink: /home/sriram/dev_ws/install/my_bot/share/my_bot/description/robot_core.xacro
[0.074s] -- Symlinking: /home/sriram/dev_ws/install/my_bot/share/my_bot/launch/launch_sim.launch.py
[0.081s] -- Up-to-date symlink: /home/sriram/dev_ws/install/my_bot/share/my_bot/launch/rsp.launch.py
[0.081s] -- Up-to-date symlink: /home/sriram/dev_ws/install/my_bot/share/my_bot/worlds/empty.world
[0.081s] -- Up-to-date symlink: /home/sriram/dev_ws/install/my_bot/share/ament_index/resource_index/package_run_dependencies/my_bot
[0.081s] -- Up-to-date symlink: /home/sriram/dev_ws/install/my_bot/share/ament_index/resource_index/parent_prefix_path/my_bot
[0.081s] -- Up-to-date symlink: /home/sriram/dev_ws/install/my_bot/share/my_bot/environment/ament_prefix_path.sh
[0.081s] -- Up-to-date symlink: /home/sriram/dev_ws/install/my_bot/share/my_bot/environment/ament_prefix_path.dsv
[0.081s] -- Up-to-date symlink: /home/sriram/dev_ws/install/my_bot/share/my_bot/environment/path.sh
[0.082s] -- Up-to-date symlink: /home/sriram/dev_ws/install/my_bot/share/my_bot/environment/path.dsv
[0.082s] -- Up-to-date symlink: /home/sriram/dev_ws/install/my_bot/share/my_bot/local_setup.bash
[0.082s] -- Up-to-date symlink: /home/sriram/dev_ws/install/my_bot/share/my_bot/local_setup.sh
[0.082s] -- Up-to-date symlink: /home/sriram/dev_ws/install/my_bot/share/my_bot/local_setup.zsh
[0.082s] -- Up-to-date symlink: /home/sriram/dev_ws/install/my_bot/share/my_bot/local_setup.dsv
[0.082s] -- Symlinking: /home/sriram/dev_ws/install/my_bot/share/my_bot/package.dsv
[0.088s] -- Up-to-date symlink: /home/sriram/dev_ws/install/my_bot/share/ament_index/resource_index/packages/my_bot
[0.088s] -- Up-to-date symlink: /home/sriram/dev_ws/install/my_bot/share/my_bot/cmake/my_botConfig.cmake
[0.088s] -- Up-to-date symlink: /home/sriram/dev_ws/install/my_bot/share/my_bot/cmake/my_botConfig-version.cmake
[0.088s] -- Up-to-date symlink: /home/sriram/dev_ws/install/my_bot/share/my_bot/package.xml
[0.089s] Invoked command in '/home/sriram/dev_ws/build/my_bot' returned '0': CMAKE_PREFIX_PATH=/opt/ros/humble /usr/bin/cmake --install /home/sriram/dev_ws/build/my_bot
