[0.010s] Invoking command in '/home/sriram/dev_ws/build/my_bot': CMAKE_PREFIX_PATH=/opt/ros/humble /usr/bin/cmake --build /home/sriram/dev_ws/build/my_bot -- -j20 -l20
[0.065s] Invoked command in '/home/sriram/dev_ws/build/my_bot' returned '0': CMAKE_PREFIX_PATH=/opt/ros/humble /usr/bin/cmake --build /home/sriram/dev_ws/build/my_bot -- -j20 -l20
[0.071s] Invoking command in '/home/sriram/dev_ws/build/my_bot': CMAKE_PREFIX_PATH=/opt/ros/humble /usr/bin/cmake --install /home/sriram/dev_ws/build/my_bot
[0.076s] -- Install configuration: ""
[0.077s] -- Execute custom install script
[0.077s] -- Up-to-date symlink: /home/sriram/dev_ws/install/my_bot/share/my_bot/config/empty.yaml
[0.077s] -- Up-to-date symlink: /home/sriram/dev_ws/install/my_bot/share/my_bot/config/gazebo_params.yaml
[0.077s] -- Up-to-date symlink: /home/sriram/dev_ws/install/my_bot/share/my_bot/config/mapper_params_online_async.yaml
[0.078s] -- Up-to-date symlink: /home/sriram/dev_ws/install/my_bot/share/my_bot/config/move_bot_rviz.rviz
[0.078s] -- Up-to-date symlink: /home/sriram/dev_ws/install/my_bot/share/my_bot/config/my_controllers.yaml
[0.078s] -- Symlinking: /home/sriram/dev_ws/install/my_bot/share/my_bot/config/twist_mux.yaml
[0.082s] -- Up-to-date symlink: /home/sriram/dev_ws/install/my_bot/share/my_bot/config/view_bot_rviz.rviz
[0.083s] -- Up-to-date symlink: /home/sriram/dev_ws/install/my_bot/share/my_bot/description/camera.xacro
[0.083s] -- Up-to-date symlink: /home/sriram/dev_ws/install/my_bot/share/my_bot/description/depth_camera.xacro
[0.083s] -- Up-to-date symlink: /home/sriram/dev_ws/install/my_bot/share/my_bot/description/face.xacro
[0.084s] -- Up-to-date symlink: /home/sriram/dev_ws/install/my_bot/share/my_bot/description/gazebo_control.xacro
[0.084s] -- Up-to-date symlink: /home/sriram/dev_ws/install/my_bot/share/my_bot/description/inertial_macros.xacro
[0.084s] -- Up-to-date symlink: /home/sriram/dev_ws/install/my_bot/share/my_bot/description/lidar.xacro
[0.084s] -- Up-to-date symlink: /home/sriram/dev_ws/install/my_bot/share/my_bot/description/robot.urdf.xacro
[0.084s] -- Up-to-date symlink: /home/sriram/dev_ws/install/my_bot/share/my_bot/description/robot_core.xacro
[0.084s] -- Up-to-date symlink: /home/sriram/dev_ws/install/my_bot/share/my_bot/description/ros2_control.xacro
[0.085s] -- Up-to-date symlink: /home/sriram/dev_ws/install/my_bot/share/my_bot/launch/camera.launch.py
[0.085s] -- Symlinking: /home/sriram/dev_ws/install/my_bot/share/my_bot/launch/joystick.launch.py
[0.089s] -- Symlinking: /home/sriram/dev_ws/install/my_bot/share/my_bot/launch/launch_robot.launch.py
[0.094s] -- Up-to-date symlink: /home/sriram/dev_ws/install/my_bot/share/my_bot/launch/launch_sim.launch.py
[0.094s] -- Symlinking: /home/sriram/dev_ws/install/my_bot/share/my_bot/launch/localization_launch.py
[0.098s] -- Symlinking: /home/sriram/dev_ws/install/my_bot/share/my_bot/launch/online_async_launch.py
[0.103s] -- Symlinking: /home/sriram/dev_ws/install/my_bot/share/my_bot/launch/rplidar.launch.py
[0.108s] -- Up-to-date symlink: /home/sriram/dev_ws/install/my_bot/share/my_bot/launch/rsp.launch.py
[0.108s] -- Up-to-date symlink: /home/sriram/dev_ws/install/my_bot/share/my_bot/worlds/empty.world
[0.108s] -- Up-to-date symlink: /home/sriram/dev_ws/install/my_bot/share/my_bot/worlds/obstacles.world
[0.109s] -- Up-to-date symlink: /home/sriram/dev_ws/install/my_bot/share/ament_index/resource_index/package_run_dependencies/my_bot
[0.109s] -- Up-to-date symlink: /home/sriram/dev_ws/install/my_bot/share/ament_index/resource_index/parent_prefix_path/my_bot
[0.110s] -- Up-to-date symlink: /home/sriram/dev_ws/install/my_bot/share/my_bot/environment/ament_prefix_path.sh
[0.110s] -- Up-to-date symlink: /home/sriram/dev_ws/install/my_bot/share/my_bot/environment/ament_prefix_path.dsv
[0.110s] -- Up-to-date symlink: /home/sriram/dev_ws/install/my_bot/share/my_bot/environment/path.sh
[0.111s] -- Up-to-date symlink: /home/sriram/dev_ws/install/my_bot/share/my_bot/environment/path.dsv
[0.111s] -- Up-to-date symlink: /home/sriram/dev_ws/install/my_bot/share/my_bot/local_setup.bash
[0.111s] -- Up-to-date symlink: /home/sriram/dev_ws/install/my_bot/share/my_bot/local_setup.sh
[0.112s] -- Up-to-date symlink: /home/sriram/dev_ws/install/my_bot/share/my_bot/local_setup.zsh
[0.112s] -- Up-to-date symlink: /home/sriram/dev_ws/install/my_bot/share/my_bot/local_setup.dsv
[0.112s] -- Symlinking: /home/sriram/dev_ws/install/my_bot/share/my_bot/package.dsv
[0.117s] -- Up-to-date symlink: /home/sriram/dev_ws/install/my_bot/share/ament_index/resource_index/packages/my_bot
[0.117s] -- Up-to-date symlink: /home/sriram/dev_ws/install/my_bot/share/my_bot/cmake/my_botConfig.cmake
[0.118s] -- Up-to-date symlink: /home/sriram/dev_ws/install/my_bot/share/my_bot/cmake/my_botConfig-version.cmake
[0.118s] -- Up-to-date symlink: /home/sriram/dev_ws/install/my_bot/share/my_bot/package.xml
[0.119s] Invoked command in '/home/sriram/dev_ws/build/my_bot' returned '0': CMAKE_PREFIX_PATH=/opt/ros/humble /usr/bin/cmake --install /home/sriram/dev_ws/build/my_bot
